<?xml version="1.0" encoding="UTF-8"?>
<testsuites name="Gmail_Test Suite" time="92.967" tests="1" failures="0" errors="0">
   <testsuite name="Gmail_Test Suite" tests="1" failures="0" errors="0" time="92.967" skipped="0" timestamp="2023-07-25 15:25:08" hostname="lenovo - DESKTOP-FS73FSD" id="Test Suites/Gmail_Test Suite">
      <properties>
[...]
</properties>
      <testcase name="Test Cases/gmail" time="92.393" classname="Test Cases/gmail" status="PASSED">
         <system-out><![CDATA[2023-07-25 15:25:08 - [TEST_CASE][PASSED] - Test Cases/gmail: Test Cases/gmail

2023-07-25 15:25:09 - [TEST_STEP][PASSED] - openBrowser(""): Browser is opened with url: ''

2023-07-25 15:25:10 - [MESSAGE][INFO] - User set preference: ['os', 'windows']

2023-07-25 15:25:10 - [MESSAGE][INFO] - User set preference: ['browserName', 'chrome']

2023-07-25 15:25:10 - [MESSAGE][INFO] - User set preference: ['browserVersion', '110']

2023-07-25 15:25:10 - [MESSAGE][INFO] - User set preference: ['katalon:option', '{organizationId=1217183, tunnelId=, usingTunnel=false}']

2023-07-25 15:25:10 - [MESSAGE][INFO] - Connecting to remote web server 'testcloud.katalon.com/hub' with type 'Selenium'

2023-07-25 15:25:11 - [MESSAGE][INFO] - Action delay is set to 0 milliseconds

2023-07-25 15:26:25 - [MESSAGE][PASSED] - Browser is opened with url: ''

2023-07-25 15:26:25 - [TEST_STEP][PASSED] - navigateToUrl("https://accounts.google.com/v3/signin/identifier?dsh=S771871841%3A1690278105099859&continue=https%3A%2F%2Fmail.google.com%2Fmail%2Fu%2F0%2F&emr=1&followup=https%3A%2F%2Fmail.google.com%2Fmail%2Fu%2F0%2F&ifkv=AeDOFXho48atIudWTii4Fx-88tGYGE1x2JW67E6PyRNyk5VjIYmRC3wiVRoVs7O-oN1n1P-vQYkA&osid=1&passive=1209600&service=mail&flowName=GlifWebSignIn&flowEntry=ServiceLogin"): Navigate to 'https://accounts.google.com/v3/signin/identifier?dsh=S771871841%3A1690278105099859&continue=https%3A%2F%2Fmail.google.com%2Fmail%2Fu%2F0%2F&emr=1&followup=https%3A%2F%2Fmail.google.com%2Fmail%2Fu%2F0%2F&ifkv=AeDOFXho48atIudWTii4Fx-88tGYGE1x2JW67E6PyRNyk5VjIYmRC3wiVRoVs7O-oN1n1P-vQYkA&osid=1&passive=1209600&service=mail&flowName=GlifWebSignIn&flowEntry=ServiceLogin' successfully

2023-07-25 15:26:28 - [MESSAGE][PASSED] - Navigate to 'https://accounts.google.com/v3/signin/identifier?dsh=S771871841%3A1690278105099859&continue=https%3A%2F%2Fmail.google.com%2Fmail%2Fu%2F0%2F&emr=1&followup=https%3A%2F%2Fmail.google.com%2Fmail%2Fu%2F0%2F&ifkv=AeDOFXho48atIudWTii4Fx-88tGYGE1x2JW67E6PyRNyk5VjIYmRC3wiVRoVs7O-oN1n1P-vQYkA&osid=1&passive=1209600&service=mail&flowName=GlifWebSignIn&flowEntry=ServiceLogin' successfully

2023-07-25 15:26:28 - [TEST_STEP][PASSED] - setText(findTestObject("Object Repository/gmail/Page_Gmail/input_to continue to Gmail_identifier"), "9975195182"): Text '9975195182' is set on object 'Object Repository/gmail/Page_Gmail/input_to continue to Gmail_identifier'

2023-07-25 15:26:35 - [MESSAGE][PASSED] - Text '9975195182' is set on object 'Object Repository/gmail/Page_Gmail/input_to continue to Gmail_identifier'

2023-07-25 15:26:35 - [TEST_STEP][PASSED] - click(findTestObject("Object Repository/gmail/Page_Gmail/span_Next")): Object: 'Object Repository/gmail/Page_Gmail/span_Next' is clicked on

2023-07-25 15:26:39 - [MESSAGE][PASSED] - Object: 'Object Repository/gmail/Page_Gmail/span_Next' is clicked on

2023-07-25 15:26:39 - [TEST_STEP][PASSED] - closeBrowser(): Browser is closed

2023-07-25 15:26:40 - [MESSAGE][PASSED] - Browser is closed]]></system-out>
         <system-err><![CDATA[]]></system-err>
      </testcase>
      <system-out><![CDATA[2023-07-25 15:25:08 - [TEST_SUITE][PASSED] - Gmail_Test Suite: Test Cases/gmail]]></system-out>
      <system-err><![CDATA[]]></system-err>
   </testsuite>
</testsuites>
