<?xml version="1.0" encoding="UTF-8"?>
<testsuites name="Test Suite_Alerts" time="109.452" tests="1" failures="0" errors="0">
   <testsuite name="Test Suite_Alerts" tests="1" failures="0" errors="0" time="109.452" skipped="0" timestamp="2023-07-23 11:14:30" hostname="lenovo - DESKTOP-FS73FSD" id="Test Suites/Test Suite_Alerts">
      <properties>
[...]
</properties>
      <testcase name="Test Cases/Alerts" time="108.827" classname="Test Cases/Alerts" status="PASSED">
         <system-out><![CDATA[2023-07-23 11:14:31 - [TEST_CASE][PASSED] - Test Cases/Alerts: Test Cases/Alerts

2023-07-23 11:14:32 - [TEST_STEP][PASSED] - openBrowser("https://demo.guru99.com/popup.php"): Browser is opened with url: 'https://demo.guru99.com/popup.php'

2023-07-23 11:14:32 - [MESSAGE][INFO] - User set preference: ['os', 'windows']

2023-07-23 11:14:32 - [MESSAGE][INFO] - User set preference: ['browserName', 'chrome']

2023-07-23 11:14:32 - [MESSAGE][INFO] - User set preference: ['browserVersion', '110']

2023-07-23 11:14:32 - [MESSAGE][INFO] - User set preference: ['katalon:option', '{organizationId=1217183, tunnelId=, usingTunnel=false}']

2023-07-23 11:14:32 - [MESSAGE][INFO] - Connecting to remote web server 'testcloud.katalon.com/hub' with type 'Selenium'

2023-07-23 11:14:33 - [MESSAGE][INFO] - Action delay is set to 0 milliseconds

2023-07-23 11:15:44 - [MESSAGE][PASSED] - Browser is opened with url: 'https://demo.guru99.com/popup.php'

2023-07-23 11:15:44 - [TEST_STEP][PASSED] - click(findTestObject("alerts/Page_Guru99 Bank Home Page/a_Click Here")): Object: 'Object Repository/alerts/Page_Guru99 Bank Home Page/a_Click Here' is clicked on

2023-07-23 11:15:50 - [MESSAGE][PASSED] - Object: 'Object Repository/alerts/Page_Guru99 Bank Home Page/a_Click Here' is clicked on

2023-07-23 11:15:50 - [TEST_STEP][PASSED] - closeBrowser(): Browser is closed

2023-07-23 11:16:20 - [MESSAGE][PASSED] - Browser is closed]]></system-out>
         <system-err><![CDATA[]]></system-err>
      </testcase>
      <system-out><![CDATA[2023-07-23 11:14:30 - [TEST_SUITE][PASSED] - Test Suite_Alerts: Test Cases/Alerts]]></system-out>
      <system-err><![CDATA[]]></system-err>
   </testsuite>
</testsuites>
