<?xml version="1.0" encoding="UTF-8"?>
<testsuites name="Spy web_Test Suite" time="118.078" tests="1" failures="0" errors="0">
   <testsuite name="Spy web_Test Suite" tests="1" failures="0" errors="0" time="118.078" skipped="0" timestamp="2023-07-19 19:42:50" hostname="lenovo - DESKTOP-FS73FSD" id="Test Suites/Spy web_Test Suite">
      <properties>
[...]
</properties>
      <testcase name="Test Cases/Spy web" time="117.46" classname="Test Cases/Spy web" status="PASSED">
         <system-out><![CDATA[2023-07-19 19:42:50 - [TEST_CASE][PASSED] - Test Cases/Spy web: Test Cases/Spy web

2023-07-19 19:42:51 - [TEST_STEP][PASSED] - openBrowser("https://opensource-demo.orangehrmlive.com/web/index.php/auth/login"): Browser is opened with url: 'https://opensource-demo.orangehrmlive.com/web/index.php/auth/login'

2023-07-19 19:42:52 - [MESSAGE][INFO] - User set preference: ['os', 'windows']

2023-07-19 19:42:52 - [MESSAGE][INFO] - User set preference: ['browserName', 'chrome']

2023-07-19 19:42:52 - [MESSAGE][INFO] - User set preference: ['browserVersion', '110']

2023-07-19 19:42:52 - [MESSAGE][INFO] - User set preference: ['katalon:option', '{organizationId=1217183, tunnelId=, usingTunnel=false}']

2023-07-19 19:42:52 - [MESSAGE][INFO] - Connecting to remote web server 'testcloud.katalon.com/hub' with type 'Selenium'

2023-07-19 19:42:53 - [MESSAGE][INFO] - Action delay is set to 0 milliseconds

2023-07-19 19:44:17 - [MESSAGE][PASSED] - Browser is opened with url: 'https://opensource-demo.orangehrmlive.com/web/index.php/auth/login'

2023-07-19 19:44:17 - [TEST_STEP][PASSED] - setText(findTestObject("Spy web/Page_OrangeHRM/input_Username_username"), "Admin"): Text 'Admin' is set on object 'Object Repository/Spy web/Page_OrangeHRM/input_Username_username'

2023-07-19 19:44:24 - [MESSAGE][PASSED] - Text 'Admin' is set on object 'Object Repository/Spy web/Page_OrangeHRM/input_Username_username'

2023-07-19 19:44:24 - [TEST_STEP][PASSED] - setText(findTestObject("Spy web/Page_OrangeHRM/input_Password_password"), "admin123"): Text 'admin123' is set on object 'Object Repository/Spy web/Page_OrangeHRM/input_Password_password'

2023-07-19 19:44:43 - [MESSAGE][PASSED] - Text 'admin123' is set on object 'Object Repository/Spy web/Page_OrangeHRM/input_Password_password'

2023-07-19 19:44:43 - [TEST_STEP][PASSED] - click(findTestObject("Spy web/Page_OrangeHRM/button_Login")): Object: 'Object Repository/Spy web/Page_OrangeHRM/button_Login' is clicked on

2023-07-19 19:44:48 - [MESSAGE][PASSED] - Object: 'Object Repository/Spy web/Page_OrangeHRM/button_Login' is clicked on]]></system-out>
         <system-err><![CDATA[]]></system-err>
      </testcase>
      <system-out><![CDATA[2023-07-19 19:42:50 - [TEST_SUITE][PASSED] - Spy web_Test Suite: Test Cases/Spy web]]></system-out>
      <system-err><![CDATA[]]></system-err>
   </testsuite>
</testsuites>
