<?xml version="1.0" encoding="UTF-8"?>
<testsuites name="Drag-drop_Test Suite" time="97.488" tests="1" failures="0" errors="0">
   <testsuite name="Drag-drop_Test Suite" tests="1" failures="0" errors="0" time="97.488" skipped="0" timestamp="2023-07-24 10:58:25" hostname="lenovo - DESKTOP-FS73FSD" id="Test Suites/Drag-drop_Test Suite">
      <properties>
[...]
</properties>
      <testcase name="Test Cases/Drag-drop" time="96.741" classname="Test Cases/Drag-drop" status="PASSED">
         <system-out><![CDATA[2023-07-24 10:58:26 - [TEST_CASE][PASSED] - Test Cases/Drag-drop: Test Cases/Drag-drop

2023-07-24 10:58:27 - [TEST_STEP][PASSED] - openBrowser("https://demoqa.com/droppable"): Browser is opened with url: 'https://demoqa.com/droppable'

2023-07-24 10:58:28 - [MESSAGE][INFO] - User set preference: ['os', 'windows']

2023-07-24 10:58:28 - [MESSAGE][INFO] - User set preference: ['browserName', 'chrome']

2023-07-24 10:58:28 - [MESSAGE][INFO] - User set preference: ['browserVersion', '110']

2023-07-24 10:58:28 - [MESSAGE][INFO] - User set preference: ['katalon:option', '{organizationId=1217183, tunnelId=, usingTunnel=false}']

2023-07-24 10:58:28 - [MESSAGE][INFO] - Connecting to remote web server 'testcloud.katalon.com/hub' with type 'Selenium'

2023-07-24 10:58:29 - [MESSAGE][INFO] - Action delay is set to 0 milliseconds

2023-07-24 10:59:53 - [MESSAGE][PASSED] - Browser is opened with url: 'https://demoqa.com/droppable'

2023-07-24 10:59:53 - [TEST_STEP][PASSED] - dragAndDropToObject(findTestObject("Drag-drop/Page_DEMOQA/source"), findTestObject("Drag-drop/Page_DEMOQA/target")): Dragged object with id 'Object Repository/Drag-drop/Page_DEMOQA/source' to object with id 'TestObject - 'Object Repository/Drag-drop/Page_DEMOQA/target'' successfully

2023-07-24 11:00:00 - [MESSAGE][PASSED] - Dragged object with id 'Object Repository/Drag-drop/Page_DEMOQA/source' to object with id 'TestObject - 'Object Repository/Drag-drop/Page_DEMOQA/target'' successfully

2023-07-24 11:00:01 - [TEST_STEP][PASSED] - closeBrowser(): Browser is closed

2023-07-24 11:00:02 - [MESSAGE][PASSED] - Browser is closed]]></system-out>
         <system-err><![CDATA[]]></system-err>
      </testcase>
      <system-out><![CDATA[2023-07-24 10:58:25 - [TEST_SUITE][PASSED] - Drag-drop_Test Suite: Test Cases/Drag-drop]]></system-out>
      <system-err><![CDATA[]]></system-err>
   </testsuite>
</testsuites>
