<?xml version="1.0" encoding="UTF-8"?>
<testsuites name="login4_Test Suite" time="112.603" tests="1" failures="0" errors="0">
   <testsuite name="login4_Test Suite" tests="1" failures="0" errors="0" time="112.603" skipped="0" timestamp="2023-07-27 22:02:52" hostname="lenovo - DESKTOP-FS73FSD" id="Test Suites/login4_Test Suite">
      <properties>
[...]
</properties>
      <testcase name="Test Cases/login 4" time="111.918" classname="Test Cases/login 4" status="PASSED">
         <system-out><![CDATA[2023-07-27 22:02:52 - [TEST_CASE][PASSED] - Test Cases/login 4: Test Cases/login 4

2023-07-27 22:02:53 - [TEST_STEP][PASSED] - openBrowser(""): Browser is opened with url: ''

2023-07-27 22:02:54 - [MESSAGE][INFO] - User set preference: ['os', 'windows']

2023-07-27 22:02:54 - [MESSAGE][INFO] - User set preference: ['browserName', 'chrome']

2023-07-27 22:02:54 - [MESSAGE][INFO] - User set preference: ['browserVersion', '110']

2023-07-27 22:02:54 - [MESSAGE][INFO] - User set preference: ['katalon:option', '{organizationId=1217183, tunnelId=, usingTunnel=false}']

2023-07-27 22:02:54 - [MESSAGE][INFO] - Connecting to remote web server 'testcloud.katalon.com/hub' with type 'Selenium'

2023-07-27 22:02:55 - [MESSAGE][INFO] - Action delay is set to 0 milliseconds

2023-07-27 22:04:10 - [MESSAGE][PASSED] - Browser is opened with url: ''

2023-07-27 22:04:10 - [TEST_STEP][PASSED] - navigateToUrl("https://www.youtube.com/"): Navigate to 'https://www.youtube.com/' successfully

2023-07-27 22:04:15 - [MESSAGE][PASSED] - Navigate to 'https://www.youtube.com/' successfully

2023-07-27 22:04:15 - [TEST_STEP][PASSED] - closeBrowser(): Browser is closed

2023-07-27 22:04:44 - [MESSAGE][PASSED] - Browser is closed]]></system-out>
         <system-err><![CDATA[]]></system-err>
      </testcase>
      <system-out><![CDATA[2023-07-27 22:02:52 - [TEST_SUITE][PASSED] - login4_Test Suite: Test Cases/login 4]]></system-out>
      <system-err><![CDATA[]]></system-err>
   </testsuite>
</testsuites>
