<?xml version="1.0" encoding="UTF-8"?>
<testsuites name="Login3_Test Suite" time="91.655" tests="1" failures="0" errors="0">
   <testsuite name="Login3_Test Suite" tests="1" failures="0" errors="0" time="91.655" skipped="0" timestamp="2023-07-27 21:52:08" hostname="lenovo - DESKTOP-FS73FSD" id="Test Suites/Login3_Test Suite">
      <properties>
[...]
</properties>
      <testcase name="Test Cases/login 3" time="91.097" classname="Test Cases/login 3" status="PASSED">
         <system-out><![CDATA[2023-07-27 21:52:09 - [TEST_CASE][PASSED] - Test Cases/login 3: Test Cases/login 3

2023-07-27 21:52:09 - [TEST_STEP][PASSED] - openBrowser(""): Browser is opened with url: ''

2023-07-27 21:52:10 - [MESSAGE][INFO] - User set preference: ['os', 'windows']

2023-07-27 21:52:10 - [MESSAGE][INFO] - User set preference: ['browserName', 'chrome']

2023-07-27 21:52:10 - [MESSAGE][INFO] - User set preference: ['browserVersion', '110']

2023-07-27 21:52:10 - [MESSAGE][INFO] - User set preference: ['katalon:option', '{organizationId=1217183, tunnelId=, usingTunnel=false}']

2023-07-27 21:52:10 - [MESSAGE][INFO] - Connecting to remote web server 'testcloud.katalon.com/hub' with type 'Selenium'

2023-07-27 21:52:11 - [MESSAGE][INFO] - Action delay is set to 0 milliseconds

2023-07-27 21:53:28 - [MESSAGE][PASSED] - Browser is opened with url: ''

2023-07-27 21:53:28 - [TEST_STEP][PASSED] - navigateToUrl("https://www.youtube.com/"): Navigate to 'https://www.youtube.com/' successfully

2023-07-27 21:53:33 - [MESSAGE][PASSED] - Navigate to 'https://www.youtube.com/' successfully

2023-07-27 21:53:33 - [TEST_STEP][PASSED] - closeBrowser(): Browser is closed

2023-07-27 21:53:40 - [MESSAGE][PASSED] - Browser is closed]]></system-out>
         <system-err><![CDATA[]]></system-err>
      </testcase>
      <system-out><![CDATA[2023-07-27 21:52:08 - [TEST_SUITE][PASSED] - Login3_Test Suite: Test Cases/login 3]]></system-out>
      <system-err><![CDATA[]]></system-err>
   </testsuite>
</testsuites>
