<?xml version="1.0" encoding="UTF-8"?>
<testsuites name="login 8_ Test Suite" time="121.641" tests="1" failures="0" errors="0">
   <testsuite name="login 8_ Test Suite" tests="1" failures="0" errors="0" time="121.641" skipped="0" timestamp="2023-07-27 23:23:38" hostname="lenovo - DESKTOP-FS73FSD" id="Test Suites/login 8_ Test Suite">
      <properties>
[...]
</properties>
      <testcase name="Test Cases/login 8" time="120.863" classname="Test Cases/login 8" status="PASSED">
         <system-out><![CDATA[2023-07-27 23:23:39 - [TEST_CASE][PASSED] - Test Cases/login 8: Test Cases/login 8

2023-07-27 23:23:40 - [TEST_STEP][PASSED] - openBrowser(""): Browser is opened with url: ''

2023-07-27 23:23:41 - [MESSAGE][INFO] - User set preference: ['os', 'windows']

2023-07-27 23:23:41 - [MESSAGE][INFO] - User set preference: ['browserName', 'chrome']

2023-07-27 23:23:41 - [MESSAGE][INFO] - User set preference: ['browserVersion', '110']

2023-07-27 23:23:41 - [MESSAGE][INFO] - User set preference: ['katalon:option', '{organizationId=1217183, tunnelId=, usingTunnel=false}']

2023-07-27 23:23:41 - [MESSAGE][INFO] - Connecting to remote web server 'testcloud.katalon.com/hub' with type 'Selenium'

2023-07-27 23:23:42 - [MESSAGE][INFO] - Action delay is set to 0 milliseconds

2023-07-27 23:24:56 - [MESSAGE][PASSED] - Browser is opened with url: ''

2023-07-27 23:24:56 - [TEST_STEP][PASSED] - navigateToUrl("https://www.youtube.com/"): Navigate to 'https://www.youtube.com/' successfully

2023-07-27 23:25:03 - [MESSAGE][PASSED] - Navigate to 'https://www.youtube.com/' successfully

2023-07-27 23:25:03 - [TEST_STEP][PASSED] - closeBrowser(): Browser is closed

2023-07-27 23:25:40 - [MESSAGE][PASSED] - Browser is closed]]></system-out>
         <system-err><![CDATA[]]></system-err>
      </testcase>
      <system-out><![CDATA[2023-07-27 23:23:38 - [TEST_SUITE][PASSED] - login 8_ Test Suite: Test Cases/login 8]]></system-out>
      <system-err><![CDATA[]]></system-err>
   </testsuite>
</testsuites>
