<?xml version="1.0" encoding="UTF-8"?>
<testsuites name="Map_Test Suite" time="116.069" tests="1" failures="0" errors="0">
   <testsuite name="Map_Test Suite" tests="1" failures="0" errors="0" time="116.069" skipped="0" timestamp="2023-07-25 23:18:18" hostname="lenovo - DESKTOP-FS73FSD" id="Test Suites/Map_Test Suite">
      <properties>
[...]
</properties>
      <testcase name="Test Cases/google map" time="115.467" classname="Test Cases/google map" status="PASSED">
         <system-out><![CDATA[2023-07-25 23:18:18 - [TEST_CASE][PASSED] - Test Cases/google map: Test Cases/google map

2023-07-25 23:18:19 - [TEST_STEP][PASSED] - openBrowser("https://www.google.com/maps"): Browser is opened with url: 'https://www.google.com/maps'

2023-07-25 23:18:20 - [MESSAGE][INFO] - User set preference: ['os', 'windows']

2023-07-25 23:18:20 - [MESSAGE][INFO] - User set preference: ['browserName', 'chrome']

2023-07-25 23:18:20 - [MESSAGE][INFO] - User set preference: ['browserVersion', '110']

2023-07-25 23:18:20 - [MESSAGE][INFO] - User set preference: ['katalon:option', '{organizationId=1217183, tunnelId=, usingTunnel=false}']

2023-07-25 23:18:20 - [MESSAGE][INFO] - Connecting to remote web server 'testcloud.katalon.com/hub' with type 'Selenium'

2023-07-25 23:18:21 - [MESSAGE][INFO] - Action delay is set to 0 milliseconds

2023-07-25 23:19:41 - [MESSAGE][PASSED] - Browser is opened with url: 'https://www.google.com/maps'

2023-07-25 23:19:41 - [TEST_STEP][PASSED] - delay(3): Delayed 3 second(s)

2023-07-25 23:19:44 - [MESSAGE][PASSED] - Delayed 3 second(s)

2023-07-25 23:19:44 - [TEST_STEP][PASSED] - closeBrowser(): Browser is closed

2023-07-25 23:20:14 - [MESSAGE][PASSED] - Browser is closed]]></system-out>
         <system-err><![CDATA[]]></system-err>
      </testcase>
      <system-out><![CDATA[2023-07-25 23:18:18 - [TEST_SUITE][PASSED] - Map_Test Suite: Test Cases/google map]]></system-out>
      <system-err><![CDATA[]]></system-err>
   </testsuite>
</testsuites>
