<?xml version="1.0" encoding="UTF-8"?>
<testsuites name="wats up_Test Suite" time="82.729" tests="1" failures="0" errors="0">
   <testsuite name="wats up_Test Suite" tests="1" failures="0" errors="0" time="82.729" skipped="0" timestamp="2023-07-25 15:35:09" hostname="lenovo - DESKTOP-FS73FSD" id="Test Suites/wats up_Test Suite">
      <properties>
[...]
</properties>
      <testcase name="Test Cases/Facebook" time="82.051" classname="Test Cases/Facebook" status="PASSED">
         <system-out><![CDATA[2023-07-25 15:35:09 - [TEST_CASE][PASSED] - Test Cases/Facebook: Test Cases/Facebook

2023-07-25 15:35:10 - [TEST_STEP][PASSED] - openBrowser(""): Browser is opened with url: ''

2023-07-25 15:35:11 - [MESSAGE][INFO] - User set preference: ['os', 'windows']

2023-07-25 15:35:11 - [MESSAGE][INFO] - User set preference: ['browserName', 'chrome']

2023-07-25 15:35:11 - [MESSAGE][INFO] - User set preference: ['browserVersion', '110']

2023-07-25 15:35:11 - [MESSAGE][INFO] - User set preference: ['katalon:option', '{organizationId=1217183, tunnelId=, usingTunnel=false}']

2023-07-25 15:35:11 - [MESSAGE][INFO] - Connecting to remote web server 'testcloud.katalon.com/hub' with type 'Selenium'

2023-07-25 15:35:12 - [MESSAGE][INFO] - Action delay is set to 0 milliseconds

2023-07-25 15:36:25 - [MESSAGE][PASSED] - Browser is opened with url: ''

2023-07-25 15:36:25 - [TEST_STEP][PASSED] - navigateToUrl("https://www.facebook.com/"): Navigate to 'https://www.facebook.com/' successfully

2023-07-25 15:36:29 - [MESSAGE][PASSED] - Navigate to 'https://www.facebook.com/' successfully

2023-07-25 15:36:29 - [TEST_STEP][PASSED] - closeBrowser(): Browser is closed

2023-07-25 15:36:31 - [MESSAGE][PASSED] - Browser is closed]]></system-out>
         <system-err><![CDATA[]]></system-err>
      </testcase>
      <system-out><![CDATA[2023-07-25 15:35:09 - [TEST_SUITE][PASSED] - wats up_Test Suite: Test Cases/Facebook]]></system-out>
      <system-err><![CDATA[]]></system-err>
   </testsuite>
</testsuites>
