<?xml version="1.0" encoding="UTF-8"?>
<testsuites name="katalon certificate_Test Suite" time="88.814" tests="1" failures="0" errors="0">
   <testsuite name="katalon certificate_Test Suite" tests="1" failures="0" errors="0" time="88.814" skipped="0" timestamp="2023-07-25 21:07:22" hostname="lenovo - DESKTOP-FS73FSD" id="Test Suites/katalon certificate_Test Suite">
      <properties>
[...]
</properties>
      <testcase name="Test Cases/katalon certificate" time="88.253" classname="Test Cases/katalon certificate" status="PASSED">
         <system-out><![CDATA[2023-07-25 21:07:22 - [TEST_CASE][PASSED] - Test Cases/katalon certificate: Test Cases/katalon certificate

2023-07-25 21:07:23 - [TEST_STEP][PASSED] - openBrowser("https://academy.katalon.com/certifications/"): Browser is opened with url: 'https://academy.katalon.com/certifications/'

2023-07-25 21:07:24 - [MESSAGE][INFO] - User set preference: ['os', 'windows']

2023-07-25 21:07:24 - [MESSAGE][INFO] - User set preference: ['browserName', 'chrome']

2023-07-25 21:07:24 - [MESSAGE][INFO] - User set preference: ['browserVersion', '110']

2023-07-25 21:07:24 - [MESSAGE][INFO] - User set preference: ['katalon:option', '{organizationId=1217183, tunnelId=, usingTunnel=false}']

2023-07-25 21:07:24 - [MESSAGE][INFO] - Connecting to remote web server 'testcloud.katalon.com/hub' with type 'Selenium'

2023-07-25 21:07:25 - [MESSAGE][INFO] - Action delay is set to 0 milliseconds

2023-07-25 21:08:47 - [MESSAGE][PASSED] - Browser is opened with url: 'https://academy.katalon.com/certifications/'

2023-07-25 21:08:47 - [TEST_STEP][PASSED] - closeBrowser(): Browser is closed

2023-07-25 21:08:51 - [MESSAGE][PASSED] - Browser is closed]]></system-out>
         <system-err><![CDATA[]]></system-err>
      </testcase>
      <system-out><![CDATA[2023-07-25 21:07:22 - [TEST_SUITE][PASSED] - katalon certificate_Test Suite: Test Cases/katalon certificate]]></system-out>
      <system-err><![CDATA[]]></system-err>
   </testsuite>
</testsuites>
