<?xml version="1.0" encoding="UTF-8"?>
<testsuites name="login4_Test Suite" time="353.857" tests="3" failures="0" errors="0">
   <testsuite name="login4_Test Suite" tests="3" failures="0" errors="0" time="353.857" skipped="0" timestamp="2023-07-27 22:54:53" hostname="lenovo - DESKTOP-FS73FSD" id="Test Suites/login4_Test Suite">
      <properties>
[...]
</properties>
      <testcase name="Test Cases/login 4" time="138.682" classname="Test Cases/login 4" status="PASSED">
         <system-out><![CDATA[2023-07-27 22:54:53 - [TEST_CASE][PASSED] - Test Cases/login 4: Test Cases/login 4

2023-07-27 22:54:54 - [TEST_STEP][PASSED] - openBrowser(""): Browser is opened with url: ''

2023-07-27 22:54:55 - [MESSAGE][INFO] - User set preference: ['os', 'windows']

2023-07-27 22:54:55 - [MESSAGE][INFO] - User set preference: ['browserName', 'chrome']

2023-07-27 22:54:55 - [MESSAGE][INFO] - User set preference: ['browserVersion', '110']

2023-07-27 22:54:55 - [MESSAGE][INFO] - User set preference: ['katalon:option', '{organizationId=1217183, tunnelId=, usingTunnel=false}']

2023-07-27 22:54:55 - [MESSAGE][INFO] - Connecting to remote web server 'testcloud.katalon.com/hub' with type 'Selenium'

2023-07-27 22:54:56 - [MESSAGE][INFO] - Action delay is set to 0 milliseconds

2023-07-27 22:56:26 - [MESSAGE][PASSED] - Browser is opened with url: ''

2023-07-27 22:56:26 - [TEST_STEP][PASSED] - navigateToUrl("https://www.youtube.com/"): Navigate to 'https://www.youtube.com/' successfully

2023-07-27 22:56:31 - [MESSAGE][PASSED] - Navigate to 'https://www.youtube.com/' successfully

2023-07-27 22:56:31 - [TEST_STEP][PASSED] - closeBrowser(): Browser is closed

2023-07-27 22:57:12 - [MESSAGE][PASSED] - Browser is closed]]></system-out>
         <system-err><![CDATA[]]></system-err>
      </testcase>
      <testcase name="Test Cases/login 5" time="113.876" classname="Test Cases/login 5" status="PASSED">
         <system-out><![CDATA[2023-07-27 22:57:12 - [TEST_CASE][PASSED] - Test Cases/login 5: Test Cases/login 5

2023-07-27 22:57:13 - [TEST_STEP][PASSED] - openBrowser(""): Browser is opened with url: ''

2023-07-27 22:57:13 - [MESSAGE][INFO] - User set preference: ['os', 'windows']

2023-07-27 22:57:13 - [MESSAGE][INFO] - User set preference: ['browserName', 'chrome']

2023-07-27 22:57:13 - [MESSAGE][INFO] - User set preference: ['browserVersion', '110']

2023-07-27 22:57:13 - [MESSAGE][INFO] - User set preference: ['katalon:option', '{organizationId=1217183, tunnelId=, usingTunnel=false}']

2023-07-27 22:57:13 - [MESSAGE][INFO] - Connecting to remote web server 'testcloud.katalon.com/hub' with type 'Selenium'

2023-07-27 22:57:13 - [MESSAGE][INFO] - Action delay is set to 0 milliseconds

2023-07-27 22:58:24 - [MESSAGE][PASSED] - Browser is opened with url: ''

2023-07-27 22:58:24 - [TEST_STEP][PASSED] - navigateToUrl("https://www.youtube.com/"): Navigate to 'https://www.youtube.com/' successfully

2023-07-27 22:58:37 - [MESSAGE][PASSED] - Navigate to 'https://www.youtube.com/' successfully

2023-07-27 22:58:37 - [TEST_STEP][PASSED] - closeBrowser(): Browser is closed

2023-07-27 22:59:06 - [MESSAGE][PASSED] - Browser is closed]]></system-out>
         <system-err><![CDATA[]]></system-err>
      </testcase>
      <testcase name="Test Cases/login 6" time="100.586" classname="Test Cases/login 6" status="PASSED">
         <system-out><![CDATA[2023-07-27 22:59:06 - [TEST_CASE][PASSED] - Test Cases/login 6: Test Cases/login 6

2023-07-27 22:59:07 - [TEST_STEP][PASSED] - openBrowser(""): Browser is opened with url: ''

2023-07-27 22:59:07 - [MESSAGE][INFO] - User set preference: ['os', 'windows']

2023-07-27 22:59:07 - [MESSAGE][INFO] - User set preference: ['browserName', 'chrome']

2023-07-27 22:59:07 - [MESSAGE][INFO] - User set preference: ['browserVersion', '110']

2023-07-27 22:59:07 - [MESSAGE][INFO] - User set preference: ['katalon:option', '{organizationId=1217183, tunnelId=, usingTunnel=false}']

2023-07-27 22:59:07 - [MESSAGE][INFO] - Connecting to remote web server 'testcloud.katalon.com/hub' with type 'Selenium'

2023-07-27 22:59:07 - [MESSAGE][INFO] - Action delay is set to 0 milliseconds

2023-07-27 23:00:19 - [MESSAGE][PASSED] - Browser is opened with url: ''

2023-07-27 23:00:19 - [TEST_STEP][PASSED] - navigateToUrl("https://www.youtube.com/"): Navigate to 'https://www.youtube.com/' successfully

2023-07-27 23:00:23 - [MESSAGE][PASSED] - Navigate to 'https://www.youtube.com/' successfully

2023-07-27 23:00:23 - [TEST_STEP][PASSED] - closeBrowser(): Browser is closed

2023-07-27 23:00:47 - [MESSAGE][PASSED] - Browser is closed]]></system-out>
         <system-err><![CDATA[]]></system-err>
      </testcase>
      <system-out><![CDATA[2023-07-27 22:54:53 - [TEST_SUITE][PASSED] - login4_Test Suite: Test Cases/login 6]]></system-out>
      <system-err><![CDATA[]]></system-err>
   </testsuite>
</testsuites>
