<?xml version="1.0" encoding="UTF-8"?>
<testsuites name="open and close_Test Suite" time="139.869" tests="1" failures="0" errors="0">
   <testsuite name="open and close_Test Suite" tests="1" failures="0" errors="0" time="139.869" skipped="0" timestamp="2023-07-25 23:28:59" hostname="lenovo - DESKTOP-FS73FSD" id="Test Suites/open and close_Test Suite">
      <properties>
[...]
</properties>
      <testcase name="Test Cases/open and close website" time="139.237" classname="Test Cases/open and close website" status="PASSED">
         <system-out><![CDATA[2023-07-25 23:28:59 - [TEST_CASE][PASSED] - Test Cases/open and close website: Test Cases/open and close website

2023-07-25 23:29:00 - [TEST_STEP][PASSED] - openBrowser(""): Browser is opened with url: ''

2023-07-25 23:29:01 - [MESSAGE][INFO] - User set preference: ['os', 'windows']

2023-07-25 23:29:01 - [MESSAGE][INFO] - User set preference: ['browserName', 'chrome']

2023-07-25 23:29:01 - [MESSAGE][INFO] - User set preference: ['browserVersion', '110']

2023-07-25 23:29:01 - [MESSAGE][INFO] - User set preference: ['katalon:option', '{organizationId=1217183, tunnelId=, usingTunnel=false}']

2023-07-25 23:29:01 - [MESSAGE][INFO] - Connecting to remote web server 'testcloud.katalon.com/hub' with type 'Selenium'

2023-07-25 23:29:02 - [MESSAGE][INFO] - Action delay is set to 0 milliseconds

2023-07-25 23:30:12 - [MESSAGE][PASSED] - Browser is opened with url: ''

2023-07-25 23:30:12 - [TEST_STEP][PASSED] - navigateToUrl("https://www.w3schools.com/sql/"): Navigate to 'https://www.w3schools.com/sql/' successfully

2023-07-25 23:31:00 - [MESSAGE][PASSED] - Navigate to 'https://www.w3schools.com/sql/' successfully

2023-07-25 23:31:00 - [TEST_STEP][PASSED] - closeBrowser(): Browser is closed

2023-07-25 23:31:19 - [MESSAGE][PASSED] - Browser is closed]]></system-out>
         <system-err><![CDATA[]]></system-err>
      </testcase>
      <system-out><![CDATA[2023-07-25 23:28:59 - [TEST_SUITE][PASSED] - open and close_Test Suite: Test Cases/open and close website]]></system-out>
      <system-err><![CDATA[]]></system-err>
   </testsuite>
</testsuites>
