<?xml version="1.0" encoding="UTF-8"?>
<testsuites name="login 7 Test Suite" time="129.86" tests="1" failures="0" errors="0">
   <testsuite name="login 7 Test Suite" tests="1" failures="0" errors="0" time="129.86" skipped="0" timestamp="2023-07-27 23:11:23" hostname="lenovo - DESKTOP-FS73FSD" id="Test Suites/login 7 Test Suite">
      <properties>
[...]
</properties>
      <testcase name="Test Cases/login 7" time="129.039" classname="Test Cases/login 7" status="PASSED">
         <system-out><![CDATA[2023-07-27 23:11:24 - [TEST_CASE][PASSED] - Test Cases/login 7: Test Cases/login 7

2023-07-27 23:11:25 - [TEST_STEP][PASSED] - openBrowser(""): Browser is opened with url: ''

2023-07-27 23:11:26 - [MESSAGE][INFO] - User set preference: ['os', 'windows']

2023-07-27 23:11:26 - [MESSAGE][INFO] - User set preference: ['browserName', 'chrome']

2023-07-27 23:11:26 - [MESSAGE][INFO] - User set preference: ['browserVersion', '110']

2023-07-27 23:11:26 - [MESSAGE][INFO] - User set preference: ['katalon:option', '{organizationId=1217183, tunnelId=, usingTunnel=false}']

2023-07-27 23:11:26 - [MESSAGE][INFO] - Connecting to remote web server 'testcloud.katalon.com/hub' with type 'Selenium'

2023-07-27 23:11:28 - [MESSAGE][INFO] - Action delay is set to 0 milliseconds

2023-07-27 23:12:59 - [MESSAGE][PASSED] - Browser is opened with url: ''

2023-07-27 23:12:59 - [TEST_STEP][PASSED] - navigateToUrl("https://www.youtube.com/"): Navigate to 'https://www.youtube.com/' successfully

2023-07-27 23:13:04 - [MESSAGE][PASSED] - Navigate to 'https://www.youtube.com/' successfully

2023-07-27 23:13:04 - [TEST_STEP][PASSED] - closeBrowser(): Browser is closed

2023-07-27 23:13:33 - [MESSAGE][PASSED] - Browser is closed]]></system-out>
         <system-err><![CDATA[]]></system-err>
      </testcase>
      <system-out><![CDATA[2023-07-27 23:11:23 - [TEST_SUITE][PASSED] - login 7 Test Suite: Test Cases/login 7]]></system-out>
      <system-err><![CDATA[]]></system-err>
   </testsuite>
</testsuites>
