<?xml version="1.0" encoding="UTF-8"?>
<testsuites name="Facebook_Test Suite" time="71.046" tests="1" failures="0" errors="0">
   <testsuite name="Facebook_Test Suite" tests="1" failures="0" errors="0" time="71.046" skipped="0" timestamp="2023-07-25 15:06:33" hostname="lenovo - DESKTOP-FS73FSD" id="Test Suites/Facebook_Test Suite">
      <properties>
[...]
</properties>
      <testcase name="Test Cases/Facebook" time="70.274" classname="Test Cases/Facebook" status="PASSED">
         <system-out><![CDATA[2023-07-25 15:06:34 - [TEST_CASE][PASSED] - Test Cases/Facebook: Test Cases/Facebook

2023-07-25 15:06:35 - [TEST_STEP][PASSED] - openBrowser(""): Browser is opened with url: ''

2023-07-25 15:06:36 - [MESSAGE][INFO] - User set preference: ['os', 'windows']

2023-07-25 15:06:36 - [MESSAGE][INFO] - User set preference: ['browserName', 'chrome']

2023-07-25 15:06:36 - [MESSAGE][INFO] - User set preference: ['browserVersion', '110']

2023-07-25 15:06:36 - [MESSAGE][INFO] - User set preference: ['katalon:option', '{organizationId=1217183, tunnelId=, usingTunnel=false}']

2023-07-25 15:06:36 - [MESSAGE][INFO] - Connecting to remote web server 'testcloud.katalon.com/hub' with type 'Selenium'

2023-07-25 15:06:37 - [MESSAGE][INFO] - Action delay is set to 0 milliseconds

2023-07-25 15:07:39 - [MESSAGE][PASSED] - Browser is opened with url: ''

2023-07-25 15:07:39 - [TEST_STEP][PASSED] - navigateToUrl("https://www.facebook.com/"): Navigate to 'https://www.facebook.com/' successfully

2023-07-25 15:07:42 - [MESSAGE][PASSED] - Navigate to 'https://www.facebook.com/' successfully

2023-07-25 15:07:42 - [TEST_STEP][PASSED] - closeBrowser(): Browser is closed

2023-07-25 15:07:44 - [MESSAGE][PASSED] - Browser is closed]]></system-out>
         <system-err><![CDATA[]]></system-err>
      </testcase>
      <system-out><![CDATA[2023-07-25 15:06:33 - [TEST_SUITE][PASSED] - Facebook_Test Suite: Test Cases/Facebook]]></system-out>
      <system-err><![CDATA[]]></system-err>
   </testsuite>
</testsuites>
