<?xml version="1.0" encoding="UTF-8"?>
<testsuites name="Screenshot_Test Suite" time="95.887" tests="1" failures="0" errors="0">
   <testsuite name="Screenshot_Test Suite" tests="1" failures="0" errors="0" time="95.887" skipped="0" timestamp="2023-07-24 11:35:55" hostname="lenovo - DESKTOP-FS73FSD" id="Test Suites/Screenshot_Test Suite">
      <properties>
[...]
</properties>
      <testcase name="Test Cases/Screenshot" time="95.185" classname="Test Cases/Screenshot" status="PASSED">
         <system-out><![CDATA[2023-07-24 11:35:56 - [TEST_CASE][PASSED] - Test Cases/Screenshot: Test Cases/Screenshot

2023-07-24 11:35:57 - [TEST_STEP][PASSED] - openBrowser("https://demoqa.com/droppable"): Browser is opened with url: 'https://demoqa.com/droppable'

2023-07-24 11:35:57 - [MESSAGE][INFO] - User set preference: ['os', 'windows']

2023-07-24 11:35:57 - [MESSAGE][INFO] - User set preference: ['browserName', 'chrome']

2023-07-24 11:35:57 - [MESSAGE][INFO] - User set preference: ['browserVersion', '110']

2023-07-24 11:35:57 - [MESSAGE][INFO] - User set preference: ['katalon:option', '{organizationId=1217183, tunnelId=, usingTunnel=false}']

2023-07-24 11:35:57 - [MESSAGE][INFO] - Connecting to remote web server 'testcloud.katalon.com/hub' with type 'Selenium'

2023-07-24 11:35:58 - [MESSAGE][INFO] - Action delay is set to 0 milliseconds

2023-07-24 11:37:16 - [MESSAGE][PASSED] - Browser is opened with url: 'https://demoqa.com/droppable'

2023-07-24 11:37:16 - [TEST_STEP][PASSED] - dragAndDropToObject(findTestObject("Drag-drop/Page_DEMOQA/source"), findTestObject("Drag-drop/Page_DEMOQA/target")): Dragged object with id 'Object Repository/Drag-drop/Page_DEMOQA/source' to object with id 'TestObject - 'Object Repository/Drag-drop/Page_DEMOQA/target'' successfully

2023-07-24 11:37:25 - [MESSAGE][PASSED] - Dragged object with id 'Object Repository/Drag-drop/Page_DEMOQA/source' to object with id 'TestObject - 'Object Repository/Drag-drop/Page_DEMOQA/target'' successfully

2023-07-24 11:37:25 - [TEST_STEP][PASSED] - takeScreenshot("D:\Screenshot\ss1.png"): Taking screenshot successfully

2023-07-24 11:37:28 - [MESSAGE][PASSED] - Taking screenshot successfully
[[ATTACHMENT|D:\Screenshot\ss1.png]]

2023-07-24 11:37:28 - [TEST_STEP][PASSED] - closeBrowser(): Browser is closed

2023-07-24 11:37:31 - [MESSAGE][PASSED] - Browser is closed]]></system-out>
         <system-err><![CDATA[]]></system-err>
      </testcase>
      <system-out><![CDATA[2023-07-24 11:35:55 - [TEST_SUITE][PASSED] - Screenshot_Test Suite: Test Cases/Screenshot]]></system-out>
      <system-err><![CDATA[]]></system-err>
   </testsuite>
</testsuites>
