<?xml version="1.0" encoding="UTF-8"?>
<testsuites name="You tube_Test Suite" time="91.016" tests="1" failures="0" errors="0">
   <testsuite name="You tube_Test Suite" tests="1" failures="0" errors="0" time="91.016" skipped="0" timestamp="2023-07-25 14:53:50" hostname="lenovo - DESKTOP-FS73FSD" id="Test Suites/You tube_Test Suite">
      <properties>
[...]
</properties>
      <testcase name="Test Cases/You tube" time="90.405" classname="Test Cases/You tube" status="PASSED">
         <system-out><![CDATA[2023-07-25 14:53:51 - [TEST_CASE][PASSED] - Test Cases/You tube: Test Cases/You tube

2023-07-25 14:53:51 - [TEST_STEP][PASSED] - openBrowser(""): Browser is opened with url: ''

2023-07-25 14:53:52 - [MESSAGE][INFO] - User set preference: ['os', 'windows']

2023-07-25 14:53:52 - [MESSAGE][INFO] - User set preference: ['browserName', 'chrome']

2023-07-25 14:53:52 - [MESSAGE][INFO] - User set preference: ['browserVersion', '110']

2023-07-25 14:53:52 - [MESSAGE][INFO] - User set preference: ['katalon:option', '{organizationId=1217183, tunnelId=, usingTunnel=false}']

2023-07-25 14:53:52 - [MESSAGE][INFO] - Connecting to remote web server 'testcloud.katalon.com/hub' with type 'Selenium'

2023-07-25 14:53:53 - [MESSAGE][INFO] - Action delay is set to 0 milliseconds

2023-07-25 14:54:55 - [MESSAGE][PASSED] - Browser is opened with url: ''

2023-07-25 14:54:55 - [TEST_STEP][PASSED] - navigateToUrl("https://www.youtube.com/"): Navigate to 'https://www.youtube.com/' successfully

2023-07-25 14:55:06 - [MESSAGE][PASSED] - Navigate to 'https://www.youtube.com/' successfully

2023-07-25 14:55:06 - [TEST_STEP][PASSED] - setText(findTestObject("Object Repository/You tube/Page_YouTube/input_Skip navigation_search_query"), "katalon learning"): Text 'katalon learning' is set on object 'Object Repository/You tube/Page_YouTube/input_Skip navigation_search_query'

2023-07-25 14:55:15 - [MESSAGE][PASSED] - Text 'katalon learning' is set on object 'Object Repository/You tube/Page_YouTube/input_Skip navigation_search_query'

2023-07-25 14:55:15 - [TEST_STEP][PASSED] - click(findTestObject("Object Repository/You tube/Page_YouTube/div")): Object: 'Object Repository/You tube/Page_YouTube/div' is clicked on

2023-07-25 14:55:19 - [MESSAGE][PASSED] - Object: 'Object Repository/You tube/Page_YouTube/div' is clicked on

2023-07-25 14:55:19 - [TEST_STEP][PASSED] - closeBrowser(): Browser is closed

2023-07-25 14:55:21 - [MESSAGE][PASSED] - Browser is closed]]></system-out>
         <system-err><![CDATA[]]></system-err>
      </testcase>
      <system-out><![CDATA[2023-07-25 14:53:50 - [TEST_SUITE][PASSED] - You tube_Test Suite: Test Cases/You tube]]></system-out>
      <system-err><![CDATA[]]></system-err>
   </testsuite>
</testsuites>
