<?xml version="1.0" encoding="UTF-8"?>
<testsuites name="Upload file_Test Suite" time="109.941" tests="1" failures="0" errors="0">
   <testsuite name="Upload file_Test Suite" tests="1" failures="0" errors="0" time="109.941" skipped="0" timestamp="2023-07-23 12:56:36" hostname="lenovo - DESKTOP-FS73FSD" id="Test Suites/Upload file_Test Suite">
      <properties>
[...]
</properties>
      <testcase name="Test Cases/Upload files" time="109.327" classname="Test Cases/Upload files" status="PASSED">
         <system-out><![CDATA[2023-07-23 12:56:37 - [TEST_CASE][PASSED] - Test Cases/Upload files: Test Cases/Upload files

2023-07-23 12:56:38 - [TEST_STEP][PASSED] - openBrowser("https://testpages.herokuapp.com/styled/file-upload-test.html"): Browser is opened with url: 'https://testpages.herokuapp.com/styled/file-upload-test.html'

2023-07-23 12:56:38 - [MESSAGE][INFO] - User set preference: ['os', 'windows']

2023-07-23 12:56:38 - [MESSAGE][INFO] - User set preference: ['browserName', 'chrome']

2023-07-23 12:56:38 - [MESSAGE][INFO] - User set preference: ['browserVersion', '110']

2023-07-23 12:56:38 - [MESSAGE][INFO] - User set preference: ['katalon:option', '{organizationId=1217183, tunnelId=, usingTunnel=false}']

2023-07-23 12:56:38 - [MESSAGE][INFO] - Connecting to remote web server 'testcloud.katalon.com/hub' with type 'Selenium'

2023-07-23 12:56:39 - [MESSAGE][INFO] - Action delay is set to 0 milliseconds

2023-07-23 12:57:56 - [MESSAGE][PASSED] - Browser is opened with url: 'https://testpages.herokuapp.com/styled/file-upload-test.html'

2023-07-23 12:57:56 - [TEST_STEP][PASSED] - waitForPageLoad(3): Wait for page load successfully

2023-07-23 12:57:58 - [MESSAGE][PASSED] - Wait for page load successfully

2023-07-23 12:57:58 - [TEST_STEP][PASSED] - closeBrowser(STOP_ON_FAILURE): Browser is closed

2023-07-23 12:58:26 - [MESSAGE][PASSED] - Browser is closed]]></system-out>
         <system-err><![CDATA[]]></system-err>
      </testcase>
      <system-out><![CDATA[2023-07-23 12:56:36 - [TEST_SUITE][PASSED] - Upload file_Test Suite: Test Cases/Upload files]]></system-out>
      <system-err><![CDATA[]]></system-err>
   </testsuite>
</testsuites>
