<?xml version="1.0" encoding="UTF-8"?>
<testsuites name="Page link_Test Suite" time="168.419" tests="1" failures="0" errors="0">
   <testsuite name="Page link_Test Suite" tests="1" failures="0" errors="0" time="168.419" skipped="0" timestamp="2023-07-20 10:27:38" hostname="lenovo - DESKTOP-FS73FSD" id="Test Suites/Page link_Test Suite">
      <properties>
[...]
</properties>
      <testcase name="Test Cases/Page link" time="167.715" classname="Test Cases/Page link" status="PASSED">
         <system-out><![CDATA[2023-07-20 10:27:39 - [TEST_CASE][PASSED] - Test Cases/Page link: Test Cases/Page link

2023-07-20 10:27:40 - [TEST_STEP][PASSED] - openBrowser("https://support.google.com/websearch/answer/7013866?hl=en&co=GENIE.Platform%3DAndroid"): Browser is opened with url: 'https://support.google.com/websearch/answer/7013866?hl=en&co=GENIE.Platform%3DAndroid'

2023-07-20 10:27:41 - [MESSAGE][INFO] - User set preference: ['os', 'windows']

2023-07-20 10:27:41 - [MESSAGE][INFO] - User set preference: ['browserName', 'chrome']

2023-07-20 10:27:41 - [MESSAGE][INFO] - User set preference: ['browserVersion', '110']

2023-07-20 10:27:41 - [MESSAGE][INFO] - User set preference: ['katalon:option', '{organizationId=1217183, tunnelId=, usingTunnel=false}']

2023-07-20 10:27:41 - [MESSAGE][INFO] - Connecting to remote web server 'testcloud.katalon.com/hub' with type 'Selenium'

2023-07-20 10:27:42 - [MESSAGE][INFO] - Action delay is set to 0 milliseconds

2023-07-20 10:29:01 - [MESSAGE][PASSED] - Browser is opened with url: 'https://support.google.com/websearch/answer/7013866?hl=en&co=GENIE.Platform%3DAndroid'

2023-07-20 10:29:01 - [TEST_STEP][PASSED] - click(findTestObject("Page link/Page_Manage webpages in the Google app - Android - Google Search Help/a_Learn how to find your saved items")): Object: 'Object Repository/Page link/Page_Manage webpages in the Google app - Android - Google Search Help/a_Learn how to find your saved items' is clicked on

2023-07-20 10:29:35 - [MESSAGE][INFO] - Unable to find the element located by 'By.xpath: //div[@id='hcfe-content']/section/div/div/article/section/div/div/div/div[4]/ul/li[4]/a'. Please recheck the objects properties to make sure the desired element is located. 

2023-07-20 10:29:35 - [MESSAGE][WARNING] - [SELF-HEALING] Failed to find element with id 'Object Repository/Page link/Page_Manage webpages in the Google app - Android - Google Search Help/a_Learn how to find your saved items'. Try using Self-healing.

2023-07-20 10:29:37 - [MESSAGE][INFO] - [SELF-HEALING] Failed Locator: '//div[@id='hcfe-content']/section/div/div/article/section/div/div/div/div[4]/ul/li[4]/a'.

2023-07-20 10:29:39 - [MESSAGE][INFO] - [SELF-HEALING] Working Locator: '//a[contains(text(),'Learn how to find your saved items')]'.

2023-07-20 10:29:42 - [MESSAGE][INFO] - [SELF-HEALING] Screenshot: C:/Users/lenovo/git/Bakerhill_Project/Reports/Self-healing/Object Repository/Page link/Page_Manage webpages in the Google app - Android - Google Search Help/a_Learn how to find your saved items_link.png

2023-07-20 10:29:42 - [MESSAGE][WARNING] - [SELF-HEALING] The current locator of test object 'Object Repository/Page link/Page_Manage webpages in the Google app - Android - Google Search Help/a_Learn how to find your saved items' was broken. Propose an alternative one: '//a[contains(text(),'Learn how to find your saved items')]'.

2023-07-20 10:29:44 - [MESSAGE][PASSED] - Object: 'Object Repository/Page link/Page_Manage webpages in the Google app - Android - Google Search Help/a_Learn how to find your saved items' is clicked on

2023-07-20 10:29:44 - [TEST_STEP][PASSED] - click(findTestObject("Page link/Page_Save links, images  more - Computer - Google Search Help/a_Google")): Object: 'Object Repository/Page link/Page_Save links, images  more - Computer - Google Search Help/a_Google' is clicked on

2023-07-20 10:30:16 - [MESSAGE][INFO] - Unable to find the element located by 'By.xpath: //div[@id='hcfe-content']/section/div/div/article/section/div/div/div/div[4]/ol/li/a'. Please recheck the objects properties to make sure the desired element is located. 

2023-07-20 10:30:16 - [MESSAGE][WARNING] - [SELF-HEALING] Failed to find element with id 'Object Repository/Page link/Page_Save links, images  more - Computer - Google Search Help/a_Google'. Try using Self-healing.

2023-07-20 10:30:19 - [MESSAGE][INFO] - [SELF-HEALING] Failed Locator: '//div[@id='hcfe-content']/section/div/div/article/section/div/div/div/div[4]/ol/li/a'.

2023-07-20 10:30:21 - [MESSAGE][INFO] - [SELF-HEALING] Working Locator: '(//a[contains(text(),'Google')])[2]'.

2023-07-20 10:30:23 - [MESSAGE][INFO] - [SELF-HEALING] Screenshot: C:/Users/lenovo/git/Bakerhill_Project/Reports/Self-healing/Object Repository/Page link/Page_Save links, images  more - Computer - Google Search Help/a_Google_link.png

2023-07-20 10:30:24 - [MESSAGE][WARNING] - [SELF-HEALING] The current locator of test object 'Object Repository/Page link/Page_Save links, images  more - Computer - Google Search Help/a_Google' was broken. Propose an alternative one: '(//a[contains(text(),'Google')])[2]'.

2023-07-20 10:30:24 - [MESSAGE][PASSED] - Object: 'Object Repository/Page link/Page_Save links, images  more - Computer - Google Search Help/a_Google' is clicked on

2023-07-20 10:30:24 - [TEST_STEP][PASSED] - closeBrowser(): Browser is closed

2023-07-20 10:30:27 - [MESSAGE][PASSED] - Browser is closed]]></system-out>
         <system-err><![CDATA[]]></system-err>
      </testcase>
      <system-out><![CDATA[2023-07-20 10:27:38 - [TEST_SUITE][PASSED] - Page link_Test Suite: Test Cases/Page link]]></system-out>
      <system-err><![CDATA[]]></system-err>
   </testsuite>
</testsuites>
