<?xml version="1.0" encoding="UTF-8"?>
<testsuites name="login 2_Test Suite" time="76.41" tests="1" failures="0" errors="0">
   <testsuite name="login 2_Test Suite" tests="1" failures="0" errors="0" time="76.41" skipped="0" timestamp="2023-07-27 21:40:30" hostname="lenovo - DESKTOP-FS73FSD" id="Test Suites/login 2_Test Suite">
      <properties>
[...]
</properties>
      <testcase name="Test Cases/login 2" time="75.8" classname="Test Cases/login 2" status="PASSED">
         <system-out><![CDATA[2023-07-27 21:40:31 - [TEST_CASE][PASSED] - Test Cases/login 2: Test Cases/login 2

2023-07-27 21:40:32 - [TEST_STEP][PASSED] - openBrowser(""): Browser is opened with url: ''

2023-07-27 21:40:33 - [MESSAGE][INFO] - User set preference: ['os', 'windows']

2023-07-27 21:40:33 - [MESSAGE][INFO] - User set preference: ['browserName', 'chrome']

2023-07-27 21:40:33 - [MESSAGE][INFO] - User set preference: ['browserVersion', '110']

2023-07-27 21:40:33 - [MESSAGE][INFO] - User set preference: ['katalon:option', '{organizationId=1217183, tunnelId=, usingTunnel=false}']

2023-07-27 21:40:33 - [MESSAGE][INFO] - Connecting to remote web server 'testcloud.katalon.com/hub' with type 'Selenium'

2023-07-27 21:40:34 - [MESSAGE][INFO] - Action delay is set to 0 milliseconds

2023-07-27 21:41:38 - [MESSAGE][PASSED] - Browser is opened with url: ''

2023-07-27 21:41:38 - [TEST_STEP][PASSED] - navigateToUrl("https://www.youtube.com/"): Navigate to 'https://www.youtube.com/' successfully

2023-07-27 21:41:45 - [MESSAGE][PASSED] - Navigate to 'https://www.youtube.com/' successfully

2023-07-27 21:41:45 - [TEST_STEP][PASSED] - closeBrowser(): Browser is closed

2023-07-27 21:41:47 - [MESSAGE][PASSED] - Browser is closed]]></system-out>
         <system-err><![CDATA[]]></system-err>
      </testcase>
      <system-out><![CDATA[2023-07-27 21:40:30 - [TEST_SUITE][PASSED] - login 2_Test Suite: Test Cases/login 2]]></system-out>
      <system-err><![CDATA[]]></system-err>
   </testsuite>
</testsuites>
